This file contains any messages produced by compilers while
running configure, to aid debugging if configure makes a mistake.

It was created by configure, which was
generated by GNU Autoconf 2.63.  Invocation command line was

  $ ./configure --prefix=/homes/yhong/MyLink/apache

## --------- ##
## Platform. ##
## --------- ##

hostname = data.cs.purdue.edu
uname -m = x86_64
uname -r = 3.17.7
uname -s = Linux
uname -v = #1 SMP Sun Jan 4 09:42:20 EST 2015

/usr/bin/uname -p = Intel(R) Xeon(R) CPU E5-2650 0 @ 2.00GHz
/bin/uname -X     = unknown

/bin/arch              = unknown
/usr/bin/arch -k       = unknown
/usr/convex/getsysinfo = unknown
/usr/bin/hostinfo      = unknown
/bin/machine           = unknown
/usr/bin/oslevel       = unknown
/bin/universe          = unknown

PATH: /p/oracle10g/bin
PATH: /homes/yhong/bin/.amd64-linux
PATH: /homes/yhong/bin
PATH: /usr/local/bin
PATH: /bin
PATH: /usr/bin
PATH: /sbin
PATH: /usr/sbin
PATH: /usr/x86_64-pc-linux-gnu/gcc-bin/4.8.3
PATH: /usr/games/bin
PATH: .


## ----------- ##
## Core tests. ##
## ----------- ##

configure:2506: checking for chosen layout
configure:2508: result: Apache
configure:3313: checking for working mkdir -p
configure:3329: result: yes
configure:3346: checking build system type
configure:3364: result: x86_64-unknown-linux-gnu
configure:3386: checking host system type
configure:3401: result: x86_64-unknown-linux-gnu
configure:3423: checking target system type
configure:3438: result: x86_64-unknown-linux-gnu
configure:3510: checking for APR
configure:3595: result: yes
configure:3870: checking for APR-util
configure:3955: result: yes
configure:4203: checking for gcc
configure:4230: result: x86_64-pc-linux-gnu-gcc
configure:4462: checking for C compiler version
configure:4470: x86_64-pc-linux-gnu-gcc --version >&5
x86_64-pc-linux-gnu-gcc (Gentoo 4.8.3 p1.1, pie-0.5.9) 4.8.3
Copyright (C) 2013 Free Software Foundation, Inc.
This is free software; see the source for copying conditions.  There is NO
warranty; not even for MERCHANTABILITY or FITNESS FOR A PARTICULAR PURPOSE.

configure:4474: $? = 0
configure:4481: x86_64-pc-linux-gnu-gcc -v >&5
Using built-in specs.
COLLECT_GCC=/usr/x86_64-pc-linux-gnu/gcc-bin/4.8.3/x86_64-pc-linux-gnu-gcc
COLLECT_LTO_WRAPPER=/usr/libexec/gcc/x86_64-pc-linux-gnu/4.8.3/lto-wrapper
Target: x86_64-pc-linux-gnu
Configured with: /scratch/portage/tmp/portage/sys-devel/gcc-4.8.3/work/gcc-4.8.3/configure --host=x86_64-pc-linux-gnu --build=x86_64-pc-linux-gnu --prefix=/usr --bindir=/usr/x86_64-pc-linux-gnu/gcc-bin/4.8.3 --includedir=/usr/lib/gcc/x86_64-pc-linux-gnu/4.8.3/include --datadir=/usr/share/gcc-data/x86_64-pc-linux-gnu/4.8.3 --mandir=/usr/share/gcc-data/x86_64-pc-linux-gnu/4.8.3/man --infodir=/usr/share/gcc-data/x86_64-pc-linux-gnu/4.8.3/info --with-gxx-include-dir=/usr/lib/gcc/x86_64-pc-linux-gnu/4.8.3/include/g++-v4 --with-python-dir=/share/gcc-data/x86_64-pc-linux-gnu/4.8.3/python --enable-objc-gc --enable-languages=c,c++,java,objc,obj-c++,fortran --enable-obsolete --enable-secureplt --disable-werror --with-system-zlib --disable-nls --enable-checking=release --with-bugurl=https://bugs.gentoo.org/ --with-pkgversion='Gentoo 4.8.3 p1.1, pie-0.5.9' --enable-libstdcxx-time --enable-shared --enable-threads=posix --enable-__cxa_atexit --enable-clocale=gnu --enable-multilib --with-multilib-list=m32,m64 --disable-altivec --disable-fixed-point --enable-targets=all --enable-libgomp --enable-libmudflap --disable-libssp --enable-lto --without-cloog --disable-libsanitizer
Thread model: posix
gcc version 4.8.3 (Gentoo 4.8.3 p1.1, pie-0.5.9) 
configure:4485: $? = 0
configure:4492: x86_64-pc-linux-gnu-gcc -V >&5
x86_64-pc-linux-gnu-gcc: error: unrecognized command line option '-V'
x86_64-pc-linux-gnu-gcc: fatal error: no input files
compilation terminated.
configure:4496: $? = 1
configure:4519: checking for C compiler default output file name
configure:4541: x86_64-pc-linux-gnu-gcc   -pthread  -DLINUX -D_REENTRANT -D_GNU_SOURCE   -L/scratch/portage/tmp/portage/dev-libs/apr-util-1.5.3-r2/temp conftest.c  >&5
configure:4545: $? = 0
configure:4583: result: a.out
configure:4602: checking whether the C compiler works
configure:4612: ./a.out
configure:4616: $? = 0
configure:4635: result: yes
configure:4642: checking whether we are cross compiling
configure:4644: result: no
configure:4647: checking for suffix of executables
configure:4654: x86_64-pc-linux-gnu-gcc -o conftest   -pthread  -DLINUX -D_REENTRANT -D_GNU_SOURCE   -L/scratch/portage/tmp/portage/dev-libs/apr-util-1.5.3-r2/temp conftest.c  >&5
configure:4658: $? = 0
configure:4684: result: 
configure:4690: checking for suffix of object files
configure:4716: x86_64-pc-linux-gnu-gcc -c   -pthread  -DLINUX -D_REENTRANT -D_GNU_SOURCE conftest.c >&5
configure:4720: $? = 0
configure:4745: result: o
configure:4749: checking whether we are using the GNU C compiler
configure:4778: x86_64-pc-linux-gnu-gcc -c   -pthread  -DLINUX -D_REENTRANT -D_GNU_SOURCE conftest.c >&5
configure:4785: $? = 0
configure:4802: result: yes
configure:4811: checking whether x86_64-pc-linux-gnu-gcc accepts -g
configure:4841: x86_64-pc-linux-gnu-gcc -c -g  -DLINUX -D_REENTRANT -D_GNU_SOURCE conftest.c >&5
configure:4848: $? = 0
configure:4949: result: yes
configure:4966: checking for x86_64-pc-linux-gnu-gcc option to accept ISO C89
configure:5040: x86_64-pc-linux-gnu-gcc  -c   -pthread  -DLINUX -D_REENTRANT -D_GNU_SOURCE conftest.c >&5
configure:5047: $? = 0
configure:5070: result: none needed
configure:5093: checking how to run the C preprocessor
configure:5211: result: x86_64-pc-linux-gnu-gcc -E
configure:5240: x86_64-pc-linux-gnu-gcc -E  -DLINUX -D_REENTRANT -D_GNU_SOURCE conftest.c
configure:5247: $? = 0
configure:5278: x86_64-pc-linux-gnu-gcc -E  -DLINUX -D_REENTRANT -D_GNU_SOURCE conftest.c
conftest.c:8:28: fatal error: ac_nonexistent.h: No such file or directory
 #include <ac_nonexistent.h>
                            ^
compilation terminated.
configure:5285: $? = 1
configure: failed program was:
| /* confdefs.h.  */
| #define PACKAGE_NAME ""
| #define PACKAGE_TARNAME ""
| #define PACKAGE_VERSION ""
| #define PACKAGE_STRING ""
| #define PACKAGE_BUGREPORT ""
| /* end confdefs.h.  */
| #include <ac_nonexistent.h>
configure:5445: Configuring PCRE regular expression library
configure:5890: checking for rm
configure:5908: found /bin/rm
configure:5920: result: /bin/rm
configure:5930: checking for pkg-config
configure:5948: found /usr/bin/pkg-config
configure:5960: result: /usr/bin/pkg-config
configure:5970: checking for rsync
configure:5988: found /usr/bin/rsync
configure:6000: result: /usr/bin/rsync
configure:6012: checking for gawk
configure:6028: found /bin/gawk
configure:6039: result: gawk
configure:6050: checking whether ln -s works
configure:6054: result: yes
configure:6104: checking for ranlib
configure:6120: found /usr/bin/ranlib
configure:6131: result: ranlib
configure:6157: checking for lynx
configure:6187: result: no
configure:6157: checking for links
configure:6187: result: no
configure:6157: checking for elinks
configure:6173: found /usr/bin/elinks
configure:6184: result: elinks
configure:6212: checking for grep that handles long lines and -e
configure:6272: result: /bin/grep
configure:6277: checking for egrep
configure:6341: result: /bin/grep -E
configure:6346: checking for ANSI C header files
configure:6376: x86_64-pc-linux-gnu-gcc -c   -pthread  -DLINUX -D_REENTRANT -D_GNU_SOURCE conftest.c >&5
configure:6383: $? = 0
configure:6482: x86_64-pc-linux-gnu-gcc -o conftest   -pthread  -DLINUX -D_REENTRANT -D_GNU_SOURCE   -L/scratch/portage/tmp/portage/dev-libs/apr-util-1.5.3-r2/temp conftest.c  >&5
configure:6486: $? = 0
configure:6492: ./conftest
configure:6496: $? = 0
configure:6514: result: yes
configure:6538: checking for sys/types.h
configure:6559: x86_64-pc-linux-gnu-gcc -c   -pthread  -DLINUX -D_REENTRANT -D_GNU_SOURCE conftest.c >&5
configure:6566: $? = 0
configure:6583: result: yes
configure:6538: checking for sys/stat.h
configure:6559: x86_64-pc-linux-gnu-gcc -c   -pthread  -DLINUX -D_REENTRANT -D_GNU_SOURCE conftest.c >&5
configure:6566: $? = 0
configure:6583: result: yes
configure:6538: checking for stdlib.h
configure:6559: x86_64-pc-linux-gnu-gcc -c   -pthread  -DLINUX -D_REENTRANT -D_GNU_SOURCE conftest.c >&5
configure:6566: $? = 0
configure:6583: result: yes
configure:6538: checking for string.h
configure:6559: x86_64-pc-linux-gnu-gcc -c   -pthread  -DLINUX -D_REENTRANT -D_GNU_SOURCE conftest.c >&5
configure:6566: $? = 0
configure:6583: result: yes
configure:6538: checking for memory.h
configure:6559: x86_64-pc-linux-gnu-gcc -c   -pthread  -DLINUX -D_REENTRANT -D_GNU_SOURCE conftest.c >&5
configure:6566: $? = 0
configure:6583: result: yes
configure:6538: checking for strings.h
configure:6559: x86_64-pc-linux-gnu-gcc -c   -pthread  -DLINUX -D_REENTRANT -D_GNU_SOURCE conftest.c >&5
configure:6566: $? = 0
configure:6583: result: yes
configure:6538: checking for inttypes.h
configure:6559: x86_64-pc-linux-gnu-gcc -c   -pthread  -DLINUX -D_REENTRANT -D_GNU_SOURCE conftest.c >&5
configure:6566: $? = 0
configure:6583: result: yes
configure:6538: checking for stdint.h
configure:6559: x86_64-pc-linux-gnu-gcc -c   -pthread  -DLINUX -D_REENTRANT -D_GNU_SOURCE conftest.c >&5
configure:6566: $? = 0
configure:6583: result: yes
configure:6538: checking for unistd.h
configure:6559: x86_64-pc-linux-gnu-gcc -c   -pthread  -DLINUX -D_REENTRANT -D_GNU_SOURCE conftest.c >&5
configure:6566: $? = 0
configure:6583: result: yes
configure:6608: checking minix/config.h usability
configure:6625: x86_64-pc-linux-gnu-gcc -c   -pthread  -DLINUX -D_REENTRANT -D_GNU_SOURCE conftest.c >&5
conftest.c:51:26: fatal error: minix/config.h: No such file or directory
 #include <minix/config.h>
                          ^
compilation terminated.
configure:6632: $? = 1
configure: failed program was:
| /* confdefs.h.  */
| #define PACKAGE_NAME ""
| #define PACKAGE_TARNAME ""
| #define PACKAGE_VERSION ""
| #define PACKAGE_STRING ""
| #define PACKAGE_BUGREPORT ""
| #define STDC_HEADERS 1
| #define HAVE_SYS_TYPES_H 1
| #define HAVE_SYS_STAT_H 1
| #define HAVE_STDLIB_H 1
| #define HAVE_STRING_H 1
| #define HAVE_MEMORY_H 1
| #define HAVE_STRINGS_H 1
| #define HAVE_INTTYPES_H 1
| #define HAVE_STDINT_H 1
| #define HAVE_UNISTD_H 1
| /* end confdefs.h.  */
| #include <stdio.h>
| #ifdef HAVE_SYS_TYPES_H
| # include <sys/types.h>
| #endif
| #ifdef HAVE_SYS_STAT_H
| # include <sys/stat.h>
| #endif
| #ifdef STDC_HEADERS
| # include <stdlib.h>
| # include <stddef.h>
| #else
| # ifdef HAVE_STDLIB_H
| #  include <stdlib.h>
| # endif
| #endif
| #ifdef HAVE_STRING_H
| # if !defined STDC_HEADERS && defined HAVE_MEMORY_H
| #  include <memory.h>
| # endif
| # include <string.h>
| #endif
| #ifdef HAVE_STRINGS_H
| # include <strings.h>
| #endif
| #ifdef HAVE_INTTYPES_H
| # include <inttypes.h>
| #endif
| #ifdef HAVE_STDINT_H
| # include <stdint.h>
| #endif
| #ifdef HAVE_UNISTD_H
| # include <unistd.h>
| #endif
| #include <minix/config.h>
configure:6646: result: no
configure:6650: checking minix/config.h presence
configure:6665: x86_64-pc-linux-gnu-gcc -E  -DLINUX -D_REENTRANT -D_GNU_SOURCE conftest.c
conftest.c:18:26: fatal error: minix/config.h: No such file or directory
 #include <minix/config.h>
                          ^
compilation terminated.
configure:6672: $? = 1
configure: failed program was:
| /* confdefs.h.  */
| #define PACKAGE_NAME ""
| #define PACKAGE_TARNAME ""
| #define PACKAGE_VERSION ""
| #define PACKAGE_STRING ""
| #define PACKAGE_BUGREPORT ""
| #define STDC_HEADERS 1
| #define HAVE_SYS_TYPES_H 1
| #define HAVE_SYS_STAT_H 1
| #define HAVE_STDLIB_H 1
| #define HAVE_STRING_H 1
| #define HAVE_MEMORY_H 1
| #define HAVE_STRINGS_H 1
| #define HAVE_INTTYPES_H 1
| #define HAVE_STDINT_H 1
| #define HAVE_UNISTD_H 1
| /* end confdefs.h.  */
| #include <minix/config.h>
configure:6686: result: no
configure:6714: checking for minix/config.h
configure:6721: result: no
configure:6752: checking whether it is safe to define __EXTENSIONS__
configure:6780: x86_64-pc-linux-gnu-gcc -c   -pthread  -DLINUX -D_REENTRANT -D_GNU_SOURCE conftest.c >&5
configure:6787: $? = 0
configure:6802: result: yes
configure:6828: checking for library containing strerror
configure:6869: x86_64-pc-linux-gnu-gcc -o conftest   -pthread  -DLINUX -D_REENTRANT -D_GNU_SOURCE   -L/scratch/portage/tmp/portage/dev-libs/apr-util-1.5.3-r2/temp conftest.c  >&5
configure:6876: $? = 0
configure:6907: result: none required
configure:6929: checking for APR version 1.2.0 or later
configure:6957: result: yes
configure:6988: checking for APR-util version 1.2.0 or later
configure:7016: result: yes
configure:7068: checking for ANSI C header files
configure:7236: result: yes
configure:7271: checking for string.h
configure:7278: result: yes
configure:7282: checking limits.h usability
configure:7299: x86_64-pc-linux-gnu-gcc -c   -pthread  -DLINUX -D_REENTRANT -D_GNU_SOURCE conftest.c >&5
configure:7306: $? = 0
configure:7320: result: yes
configure:7324: checking limits.h presence
configure:7339: x86_64-pc-linux-gnu-gcc -E  -DLINUX -D_REENTRANT -D_GNU_SOURCE conftest.c
configure:7346: $? = 0
configure:7360: result: yes
configure:7388: checking for limits.h
configure:7397: result: yes
configure:7271: checking for unistd.h
configure:7278: result: yes
configure:7282: checking sys/socket.h usability
configure:7299: x86_64-pc-linux-gnu-gcc -c   -pthread  -DLINUX -D_REENTRANT -D_GNU_SOURCE conftest.c >&5
configure:7306: $? = 0
configure:7320: result: yes
configure:7324: checking sys/socket.h presence
configure:7339: x86_64-pc-linux-gnu-gcc -E  -DLINUX -D_REENTRANT -D_GNU_SOURCE conftest.c
configure:7346: $? = 0
configure:7360: result: yes
configure:7388: checking for sys/socket.h
configure:7397: result: yes
configure:7282: checking pwd.h usability
configure:7299: x86_64-pc-linux-gnu-gcc -c   -pthread  -DLINUX -D_REENTRANT -D_GNU_SOURCE conftest.c >&5
configure:7306: $? = 0
configure:7320: result: yes
configure:7324: checking pwd.h presence
configure:7339: x86_64-pc-linux-gnu-gcc -E  -DLINUX -D_REENTRANT -D_GNU_SOURCE conftest.c
configure:7346: $? = 0
configure:7360: result: yes
configure:7388: checking for pwd.h
configure:7397: result: yes
configure:7282: checking grp.h usability
configure:7299: x86_64-pc-linux-gnu-gcc -c   -pthread  -DLINUX -D_REENTRANT -D_GNU_SOURCE conftest.c >&5
configure:7306: $? = 0
configure:7320: result: yes
configure:7324: checking grp.h presence
configure:7339: x86_64-pc-linux-gnu-gcc -E  -DLINUX -D_REENTRANT -D_GNU_SOURCE conftest.c
configure:7346: $? = 0
configure:7360: result: yes
configure:7388: checking for grp.h
configure:7397: result: yes
configure:7271: checking for strings.h
configure:7278: result: yes
configure:7282: checking sys/prctl.h usability
configure:7299: x86_64-pc-linux-gnu-gcc -c   -pthread  -DLINUX -D_REENTRANT -D_GNU_SOURCE conftest.c >&5
configure:7306: $? = 0
configure:7320: result: yes
configure:7324: checking sys/prctl.h presence
configure:7339: x86_64-pc-linux-gnu-gcc -E  -DLINUX -D_REENTRANT -D_GNU_SOURCE conftest.c
configure:7346: $? = 0
configure:7360: result: yes
configure:7388: checking for sys/prctl.h
configure:7397: result: yes
configure:7282: checking sys/processor.h usability
configure:7299: x86_64-pc-linux-gnu-gcc -c   -pthread  -DLINUX -D_REENTRANT -D_GNU_SOURCE conftest.c >&5
conftest.c:65:27: fatal error: sys/processor.h: No such file or directory
 #include <sys/processor.h>
                           ^
compilation terminated.
configure:7306: $? = 1
configure: failed program was:
| /* confdefs.h.  */
| #define PACKAGE_NAME ""
| #define PACKAGE_TARNAME ""
| #define PACKAGE_VERSION ""
| #define PACKAGE_STRING ""
| #define PACKAGE_BUGREPORT ""
| #define STDC_HEADERS 1
| #define HAVE_SYS_TYPES_H 1
| #define HAVE_SYS_STAT_H 1
| #define HAVE_STDLIB_H 1
| #define HAVE_STRING_H 1
| #define HAVE_MEMORY_H 1
| #define HAVE_STRINGS_H 1
| #define HAVE_INTTYPES_H 1
| #define HAVE_STDINT_H 1
| #define HAVE_UNISTD_H 1
| #define __EXTENSIONS__ 1
| #define _ALL_SOURCE 1
| #define _GNU_SOURCE 1
| #define _POSIX_PTHREAD_SEMANTICS 1
| #define _TANDEM_SOURCE 1
| #define STDC_HEADERS 1
| #define HAVE_STRING_H 1
| #define HAVE_LIMITS_H 1
| #define HAVE_UNISTD_H 1
| #define HAVE_SYS_SOCKET_H 1
| #define HAVE_PWD_H 1
| #define HAVE_GRP_H 1
| #define HAVE_STRINGS_H 1
| #define HAVE_SYS_PRCTL_H 1
| /* end confdefs.h.  */
| #include <stdio.h>
| #ifdef HAVE_SYS_TYPES_H
| # include <sys/types.h>
| #endif
| #ifdef HAVE_SYS_STAT_H
| # include <sys/stat.h>
| #endif
| #ifdef STDC_HEADERS
| # include <stdlib.h>
| # include <stddef.h>
| #else
| # ifdef HAVE_STDLIB_H
| #  include <stdlib.h>
| # endif
| #endif
| #ifdef HAVE_STRING_H
| # if !defined STDC_HEADERS && defined HAVE_MEMORY_H
| #  include <memory.h>
| # endif
| # include <string.h>
| #endif
| #ifdef HAVE_STRINGS_H
| # include <strings.h>
| #endif
| #ifdef HAVE_INTTYPES_H
| # include <inttypes.h>
| #endif
| #ifdef HAVE_STDINT_H
| # include <stdint.h>
| #endif
| #ifdef HAVE_UNISTD_H
| # include <unistd.h>
| #endif
| #include <sys/processor.h>
configure:7320: result: no
configure:7324: checking sys/processor.h presence
configure:7339: x86_64-pc-linux-gnu-gcc -E  -DLINUX -D_REENTRANT -D_GNU_SOURCE conftest.c
conftest.c:32:27: fatal error: sys/processor.h: No such file or directory
 #include <sys/processor.h>
                           ^
compilation terminated.
configure:7346: $? = 1
configure: failed program was:
| /* confdefs.h.  */
| #define PACKAGE_NAME ""
| #define PACKAGE_TARNAME ""
| #define PACKAGE_VERSION ""
| #define PACKAGE_STRING ""
| #define PACKAGE_BUGREPORT ""
| #define STDC_HEADERS 1
| #define HAVE_SYS_TYPES_H 1
| #define HAVE_SYS_STAT_H 1
| #define HAVE_STDLIB_H 1
| #define HAVE_STRING_H 1
| #define HAVE_MEMORY_H 1
| #define HAVE_STRINGS_H 1
| #define HAVE_INTTYPES_H 1
| #define HAVE_STDINT_H 1
| #define HAVE_UNISTD_H 1
| #define __EXTENSIONS__ 1
| #define _ALL_SOURCE 1
| #define _GNU_SOURCE 1
| #define _POSIX_PTHREAD_SEMANTICS 1
| #define _TANDEM_SOURCE 1
| #define STDC_HEADERS 1
| #define HAVE_STRING_H 1
| #define HAVE_LIMITS_H 1
| #define HAVE_UNISTD_H 1
| #define HAVE_SYS_SOCKET_H 1
| #define HAVE_PWD_H 1
| #define HAVE_GRP_H 1
| #define HAVE_STRINGS_H 1
| #define HAVE_SYS_PRCTL_H 1
| /* end confdefs.h.  */
| #include <sys/processor.h>
configure:7360: result: no
configure:7388: checking for sys/processor.h
configure:7397: result: no
configure:7282: checking sys/sem.h usability
configure:7299: x86_64-pc-linux-gnu-gcc -c   -pthread  -DLINUX -D_REENTRANT -D_GNU_SOURCE conftest.c >&5
configure:7306: $? = 0
configure:7320: result: yes
configure:7324: checking sys/sem.h presence
configure:7339: x86_64-pc-linux-gnu-gcc -E  -DLINUX -D_REENTRANT -D_GNU_SOURCE conftest.c
configure:7346: $? = 0
configure:7360: result: yes
configure:7388: checking for sys/sem.h
configure:7397: result: yes
configure:7412: checking for sys/wait.h that is POSIX.1 compatible
configure:7448: x86_64-pc-linux-gnu-gcc -c   -pthread  -DLINUX -D_REENTRANT -D_GNU_SOURCE conftest.c >&5
configure:7455: $? = 0
configure:7470: result: yes
configure:7482: checking for an ANSI C-conforming const
configure:7557: x86_64-pc-linux-gnu-gcc -c   -pthread  -DLINUX -D_REENTRANT -D_GNU_SOURCE conftest.c >&5
configure:7564: $? = 0
configure:7579: result: yes
configure:7590: checking for library containing sqrt
configure:7631: x86_64-pc-linux-gnu-gcc -o conftest   -pthread  -DLINUX -D_REENTRANT -D_GNU_SOURCE   -L/scratch/portage/tmp/portage/dev-libs/apr-util-1.5.3-r2/temp conftest.c  >&5
conftest.c:41:6: warning: conflicting types for built-in function 'sqrt' [enabled by default]
 char sqrt ();
      ^
/tmp/ccAmi7rh.o: In function `main':
conftest.c:(.text+0xa): undefined reference to `sqrt'
collect2: error: ld returned 1 exit status
configure:7638: $? = 1
configure: failed program was:
| /* confdefs.h.  */
| #define PACKAGE_NAME ""
| #define PACKAGE_TARNAME ""
| #define PACKAGE_VERSION ""
| #define PACKAGE_STRING ""
| #define PACKAGE_BUGREPORT ""
| #define STDC_HEADERS 1
| #define HAVE_SYS_TYPES_H 1
| #define HAVE_SYS_STAT_H 1
| #define HAVE_STDLIB_H 1
| #define HAVE_STRING_H 1
| #define HAVE_MEMORY_H 1
| #define HAVE_STRINGS_H 1
| #define HAVE_INTTYPES_H 1
| #define HAVE_STDINT_H 1
| #define HAVE_UNISTD_H 1
| #define __EXTENSIONS__ 1
| #define _ALL_SOURCE 1
| #define _GNU_SOURCE 1
| #define _POSIX_PTHREAD_SEMANTICS 1
| #define _TANDEM_SOURCE 1
| #define STDC_HEADERS 1
| #define HAVE_STRING_H 1
| #define HAVE_LIMITS_H 1
| #define HAVE_UNISTD_H 1
| #define HAVE_SYS_SOCKET_H 1
| #define HAVE_PWD_H 1
| #define HAVE_GRP_H 1
| #define HAVE_STRINGS_H 1
| #define HAVE_SYS_PRCTL_H 1
| #define HAVE_SYS_SEM_H 1
| #define HAVE_SYS_WAIT_H 1
| /* end confdefs.h.  */
| 
| /* Override any GCC internal prototype to avoid an error.
|    Use char because int might match the return type of a GCC
|    builtin and then its argument prototype would still apply.  */
| #ifdef __cplusplus
| extern "C"
| #endif
| char sqrt ();
| int
| main ()
| {
| return sqrt ();
|   ;
|   return 0;
| }
configure:7631: x86_64-pc-linux-gnu-gcc -o conftest   -pthread  -DLINUX -D_REENTRANT -D_GNU_SOURCE   -L/scratch/portage/tmp/portage/dev-libs/apr-util-1.5.3-r2/temp conftest.c -lm   >&5
conftest.c:41:6: warning: conflicting types for built-in function 'sqrt' [enabled by default]
 char sqrt ();
      ^
configure:7638: $? = 0
configure:7669: result: -lm
configure:7697: checking for getpwnam
configure:7753: x86_64-pc-linux-gnu-gcc -o conftest   -pthread  -DLINUX -D_REENTRANT -D_GNU_SOURCE   -L/scratch/portage/tmp/portage/dev-libs/apr-util-1.5.3-r2/temp conftest.c -lm  >&5
configure:7760: $? = 0
configure:7782: result: yes
configure:7697: checking for getgrnam
configure:7753: x86_64-pc-linux-gnu-gcc -o conftest   -pthread  -DLINUX -D_REENTRANT -D_GNU_SOURCE   -L/scratch/portage/tmp/portage/dev-libs/apr-util-1.5.3-r2/temp conftest.c -lm  >&5
configure:7760: $? = 0
configure:7782: result: yes
configure:7697: checking for initgroups
configure:7753: x86_64-pc-linux-gnu-gcc -o conftest   -pthread  -DLINUX -D_REENTRANT -D_GNU_SOURCE   -L/scratch/portage/tmp/portage/dev-libs/apr-util-1.5.3-r2/temp conftest.c -lm  >&5
configure:7760: $? = 0
configure:7782: result: yes
configure:7697: checking for bindprocessor
configure:7753: x86_64-pc-linux-gnu-gcc -o conftest   -pthread  -DLINUX -D_REENTRANT -D_GNU_SOURCE   -L/scratch/portage/tmp/portage/dev-libs/apr-util-1.5.3-r2/temp conftest.c -lm  >&5
/tmp/ccj9s9XE.o: In function `main':
conftest.c:(.text+0xa): undefined reference to `bindprocessor'
collect2: error: ld returned 1 exit status
configure:7760: $? = 1
configure: failed program was:
| /* confdefs.h.  */
| #define PACKAGE_NAME ""
| #define PACKAGE_TARNAME ""
| #define PACKAGE_VERSION ""
| #define PACKAGE_STRING ""
| #define PACKAGE_BUGREPORT ""
| #define STDC_HEADERS 1
| #define HAVE_SYS_TYPES_H 1
| #define HAVE_SYS_STAT_H 1
| #define HAVE_STDLIB_H 1
| #define HAVE_STRING_H 1
| #define HAVE_MEMORY_H 1
| #define HAVE_STRINGS_H 1
| #define HAVE_INTTYPES_H 1
| #define HAVE_STDINT_H 1
| #define HAVE_UNISTD_H 1
| #define __EXTENSIONS__ 1
| #define _ALL_SOURCE 1
| #define _GNU_SOURCE 1
| #define _POSIX_PTHREAD_SEMANTICS 1
| #define _TANDEM_SOURCE 1
| #define STDC_HEADERS 1
| #define HAVE_STRING_H 1
| #define HAVE_LIMITS_H 1
| #define HAVE_UNISTD_H 1
| #define HAVE_SYS_SOCKET_H 1
| #define HAVE_PWD_H 1
| #define HAVE_GRP_H 1
| #define HAVE_STRINGS_H 1
| #define HAVE_SYS_PRCTL_H 1
| #define HAVE_SYS_SEM_H 1
| #define HAVE_SYS_WAIT_H 1
| #define HAVE_GETPWNAM 1
| #define HAVE_GETGRNAM 1
| #define HAVE_INITGROUPS 1
| /* end confdefs.h.  */
| /* Define bindprocessor to an innocuous variant, in case <limits.h> declares bindprocessor.
|    For example, HP-UX 11i <limits.h> declares gettimeofday.  */
| #define bindprocessor innocuous_bindprocessor
| 
| /* System header to define __stub macros and hopefully few prototypes,
|     which can conflict with char bindprocessor (); below.
|     Prefer <limits.h> to <assert.h> if __STDC__ is defined, since
|     <limits.h> exists even on freestanding compilers.  */
| 
| #ifdef __STDC__
| # include <limits.h>
| #else
| # include <assert.h>
| #endif
| 
| #undef bindprocessor
| 
| /* Override any GCC internal prototype to avoid an error.
|    Use char because int might match the return type of a GCC
|    builtin and then its argument prototype would still apply.  */
| #ifdef __cplusplus
| extern "C"
| #endif
| char bindprocessor ();
| /* The GNU C library defines this for functions which it implements
|     to always fail with ENOSYS.  Some functions are actually named
|     something starting with __ and the normal name is an alias.  */
| #if defined __stub_bindprocessor || defined __stub___bindprocessor
| choke me
| #endif
| 
| int
| main ()
| {
| return bindprocessor ();
|   ;
|   return 0;
| }
configure:7782: result: no
configure:7697: checking for prctl
configure:7753: x86_64-pc-linux-gnu-gcc -o conftest   -pthread  -DLINUX -D_REENTRANT -D_GNU_SOURCE   -L/scratch/portage/tmp/portage/dev-libs/apr-util-1.5.3-r2/temp conftest.c -lm  >&5
configure:7760: $? = 0
configure:7782: result: yes
configure:7697: checking for timegm
configure:7753: x86_64-pc-linux-gnu-gcc -o conftest   -pthread  -DLINUX -D_REENTRANT -D_GNU_SOURCE   -L/scratch/portage/tmp/portage/dev-libs/apr-util-1.5.3-r2/temp conftest.c -lm  >&5
configure:7760: $? = 0
configure:7782: result: yes
configure:7697: checking for getpgid
configure:7753: x86_64-pc-linux-gnu-gcc -o conftest   -pthread  -DLINUX -D_REENTRANT -D_GNU_SOURCE   -L/scratch/portage/tmp/portage/dev-libs/apr-util-1.5.3-r2/temp conftest.c -lm  >&5
configure:7760: $? = 0
configure:7782: result: yes
configure:7797: checking for void pointer length
configure:7823: x86_64-pc-linux-gnu-gcc -o conftest   -pthread  -DLINUX -D_REENTRANT -D_GNU_SOURCE   -L/scratch/portage/tmp/portage/dev-libs/apr-util-1.5.3-r2/temp conftest.c -lm  >&5
configure:7827: $? = 0
configure:7833: ./conftest
configure:7837: $? = 0
configure:7854: result: no
configure:7864: checking for tm_gmtoff in struct tm
configure:7891: x86_64-pc-linux-gnu-gcc -c   -pthread  -DLINUX -D_REENTRANT -D_GNU_SOURCE conftest.c >&5
configure:7898: $? = 0
configure:7913: result: yes
configure:8190: checking whether to enable mod_authn_file
configure:8228: result: yes (default)
configure:8283: checking whether to enable mod_authn_dbm
configure:8321: result: no
configure:8376: checking whether to enable mod_authn_anon
configure:8414: result: no
configure:8469: checking whether to enable mod_authn_dbd
configure:8507: result: no
configure:8563: checking whether to enable mod_authn_default
configure:8601: result: yes (default)
configure:8657: checking whether to enable mod_authn_alias
configure:8695: result: no
configure:8751: checking whether to enable mod_authz_host
configure:8789: result: yes (default)
configure:8844: checking whether to enable mod_authz_groupfile
configure:8882: result: yes (default)
configure:8937: checking whether to enable mod_authz_user
configure:8975: result: yes (default)
configure:9030: checking whether to enable mod_authz_dbm
configure:9068: result: no
configure:9123: checking whether to enable mod_authz_owner
configure:9161: result: no
configure:9217: checking whether to enable mod_authnz_ldap
configure:9271: result: no
configure:9327: checking whether to enable mod_authz_default
configure:9365: result: yes (default)
configure:9422: checking whether to enable mod_auth_basic
configure:9460: result: yes (default)
configure:9515: checking whether to enable mod_auth_digest
configure:9598: result: no
configure:9679: checking whether to enable mod_isapi
configure:9717: result: no
configure:9798: checking whether to enable mod_file_cache
configure:9836: result: no
configure:9894: checking whether to enable mod_cache
configure:9932: result: no
configure:9987: checking whether to enable mod_disk_cache
configure:10025: result: no
configure:10080: checking whether to enable mod_mem_cache
configure:10118: result: no
configure:10198: checking whether to enable mod_dbd
configure:10236: result: no
configure:10316: checking whether to enable mod_bucketeer
configure:10354: result: no
configure:10409: checking whether to enable mod_dumpio
configure:10447: result: no
configure:10528: checking whether to enable mod_echo
configure:10566: result: no
configure:10646: checking whether to enable mod_example
configure:10684: result: no
configure:10739: checking whether to enable mod_case_filter
configure:10777: result: no
configure:10832: checking whether to enable mod_case_filter_in
configure:10870: result: no
configure:10951: checking whether to enable mod_reqtimeout
configure:10989: result: no
configure:11044: checking whether to enable mod_ext_filter
configure:11082: result: no
configure:11137: checking whether to enable mod_include
configure:11175: result: yes (default)
configure:11230: checking whether to enable mod_filter
configure:11268: result: yes (default)
configure:11323: checking whether to enable mod_substitute
configure:11361: result: no
configure:11514: checking whether to enable mod_charset_lite
configure:11552: result: no
configure:11610: checking whether to enable mod_deflate
configure:11871: result: no
configure:11953: checking whether to enable mod_ldap
configure:12007: result: no
configure:12088: checking whether to enable mod_log_config
configure:12126: result: yes (default)
configure:12181: checking whether to enable mod_log_forensic
configure:12219: result: no
configure:12300: checking whether to enable mod_logio
configure:12338: result: no
configure:12419: checking whether to enable mod_env
configure:12457: result: yes (default)
configure:12512: checking whether to enable mod_mime_magic
configure:12550: result: no
configure:12605: checking whether to enable mod_cern_meta
configure:12643: result: no
configure:12698: checking whether to enable mod_expires
configure:12736: result: no
configure:12791: checking whether to enable mod_headers
configure:12829: result: no
configure:12884: checking whether to enable mod_ident
configure:12922: result: no
configure:12978: checking whether to enable mod_usertrack
configure:13277: result: no
configure:13333: checking whether to enable mod_unique_id
configure:13371: result: no
configure:13426: checking whether to enable mod_setenvif
configure:13464: result: yes (default)
configure:13519: checking whether to enable mod_version
configure:13557: result: yes (default)
configure:13646: checking whether to enable mod_proxy
configure:13684: result: no
configure:13760: checking whether to enable mod_proxy_connect
configure:13798: result: no
configure:13853: checking whether to enable mod_proxy_ftp
configure:13891: result: no
configure:13946: checking whether to enable mod_proxy_http
configure:13984: result: no
configure:14039: checking whether to enable mod_proxy_scgi
configure:14077: result: no
configure:14132: checking whether to enable mod_proxy_ajp
configure:14170: result: no
configure:14225: checking whether to enable mod_proxy_balancer
configure:14263: result: no
configure:14368: checking whether to enable mod_ssl
configure:16123: result: no
configure:16227: checking whether to enable mod_optional_hook_export
configure:16265: result: no
configure:16320: checking whether to enable mod_optional_hook_import
configure:16358: result: no
configure:16413: checking whether to enable mod_optional_fn_import
configure:16451: result: no
configure:16506: checking whether to enable mod_optional_fn_export
configure:16544: result: no
configure:16637: checking for target platform
configure:16662: result: unix
configure:16694: checking for rlim_t
configure:16725: x86_64-pc-linux-gnu-gcc -c   -pthread  -DLINUX -D_REENTRANT -D_GNU_SOURCE conftest.c >&5
configure:16732: $? = 0
configure:16751: result: yes
configure:16781: checking sys/time.h usability
configure:16798: x86_64-pc-linux-gnu-gcc -c   -pthread  -DLINUX -D_REENTRANT -D_GNU_SOURCE conftest.c >&5
configure:16805: $? = 0
configure:16819: result: yes
configure:16823: checking sys/time.h presence
configure:16838: x86_64-pc-linux-gnu-gcc -E  -DLINUX -D_REENTRANT -D_GNU_SOURCE conftest.c
configure:16845: $? = 0
configure:16859: result: yes
configure:16887: checking for sys/time.h
configure:16896: result: yes
configure:16781: checking sys/resource.h usability
configure:16798: x86_64-pc-linux-gnu-gcc -c   -pthread  -DLINUX -D_REENTRANT -D_GNU_SOURCE conftest.c >&5
configure:16805: $? = 0
configure:16819: result: yes
configure:16823: checking sys/resource.h presence
configure:16838: x86_64-pc-linux-gnu-gcc -E  -DLINUX -D_REENTRANT -D_GNU_SOURCE conftest.c
configure:16845: $? = 0
configure:16859: result: yes
configure:16887: checking for sys/resource.h
configure:16896: result: yes
configure:16770: checking for sys/sem.h
configure:16777: result: yes
configure:16781: checking sys/ipc.h usability
configure:16798: x86_64-pc-linux-gnu-gcc -c   -pthread  -DLINUX -D_REENTRANT -D_GNU_SOURCE conftest.c >&5
configure:16805: $? = 0
configure:16819: result: yes
configure:16823: checking sys/ipc.h presence
configure:16838: x86_64-pc-linux-gnu-gcc -E  -DLINUX -D_REENTRANT -D_GNU_SOURCE conftest.c
configure:16845: $? = 0
configure:16859: result: yes
configure:16887: checking for sys/ipc.h
configure:16896: result: yes
configure:16917: checking for setsid
configure:16973: x86_64-pc-linux-gnu-gcc -o conftest   -pthread  -DLINUX -D_REENTRANT -D_GNU_SOURCE   -L/scratch/portage/tmp/portage/dev-libs/apr-util-1.5.3-r2/temp conftest.c -lm  >&5
configure:16980: $? = 0
configure:17002: result: yes
configure:16917: checking for killpg
configure:16973: x86_64-pc-linux-gnu-gcc -o conftest   -pthread  -DLINUX -D_REENTRANT -D_GNU_SOURCE   -L/scratch/portage/tmp/portage/dev-libs/apr-util-1.5.3-r2/temp conftest.c -lm  >&5
configure:16980: $? = 0
configure:17002: result: yes
configure:17035: checking bstring.h usability
configure:17052: x86_64-pc-linux-gnu-gcc -c   -pthread  -DLINUX -D_REENTRANT -D_GNU_SOURCE conftest.c >&5
conftest.c:81:21: fatal error: bstring.h: No such file or directory
 #include <bstring.h>
                     ^
compilation terminated.
configure:17059: $? = 1
configure: failed program was:
| /* confdefs.h.  */
| #define PACKAGE_NAME ""
| #define PACKAGE_TARNAME ""
| #define PACKAGE_VERSION ""
| #define PACKAGE_STRING ""
| #define PACKAGE_BUGREPORT ""
| #define STDC_HEADERS 1
| #define HAVE_SYS_TYPES_H 1
| #define HAVE_SYS_STAT_H 1
| #define HAVE_STDLIB_H 1
| #define HAVE_STRING_H 1
| #define HAVE_MEMORY_H 1
| #define HAVE_STRINGS_H 1
| #define HAVE_INTTYPES_H 1
| #define HAVE_STDINT_H 1
| #define HAVE_UNISTD_H 1
| #define __EXTENSIONS__ 1
| #define _ALL_SOURCE 1
| #define _GNU_SOURCE 1
| #define _POSIX_PTHREAD_SEMANTICS 1
| #define _TANDEM_SOURCE 1
| #define STDC_HEADERS 1
| #define HAVE_STRING_H 1
| #define HAVE_LIMITS_H 1
| #define HAVE_UNISTD_H 1
| #define HAVE_SYS_SOCKET_H 1
| #define HAVE_PWD_H 1
| #define HAVE_GRP_H 1
| #define HAVE_STRINGS_H 1
| #define HAVE_SYS_PRCTL_H 1
| #define HAVE_SYS_SEM_H 1
| #define HAVE_SYS_WAIT_H 1
| #define HAVE_GETPWNAM 1
| #define HAVE_GETGRNAM 1
| #define HAVE_INITGROUPS 1
| #define HAVE_PRCTL 1
| #define HAVE_TIMEGM 1
| #define HAVE_GETPGID 1
| #define HAVE_GMTOFF 1
| #define AP_ENABLE_V4_MAPPED 1
| #define HAVE_SYS_TIME_H 1
| #define HAVE_SYS_RESOURCE_H 1
| #define HAVE_SYS_SEM_H 1
| #define HAVE_SYS_IPC_H 1
| #define HAVE_SETSID 1
| #define HAVE_KILLPG 1
| /* end confdefs.h.  */
| #include <stdio.h>
| #ifdef HAVE_SYS_TYPES_H
| # include <sys/types.h>
| #endif
| #ifdef HAVE_SYS_STAT_H
| # include <sys/stat.h>
| #endif
| #ifdef STDC_HEADERS
| # include <stdlib.h>
| # include <stddef.h>
| #else
| # ifdef HAVE_STDLIB_H
| #  include <stdlib.h>
| # endif
| #endif
| #ifdef HAVE_STRING_H
| # if !defined STDC_HEADERS && defined HAVE_MEMORY_H
| #  include <memory.h>
| # endif
| # include <string.h>
| #endif
| #ifdef HAVE_STRINGS_H
| # include <strings.h>
| #endif
| #ifdef HAVE_INTTYPES_H
| # include <inttypes.h>
| #endif
| #ifdef HAVE_STDINT_H
| # include <stdint.h>
| #endif
| #ifdef HAVE_UNISTD_H
| # include <unistd.h>
| #endif
| #include <bstring.h>
configure:17073: result: no
configure:17077: checking bstring.h presence
configure:17092: x86_64-pc-linux-gnu-gcc -E  -DLINUX -D_REENTRANT -D_GNU_SOURCE conftest.c
conftest.c:48:21: fatal error: bstring.h: No such file or directory
 #include <bstring.h>
                     ^
compilation terminated.
configure:17099: $? = 1
configure: failed program was:
| /* confdefs.h.  */
| #define PACKAGE_NAME ""
| #define PACKAGE_TARNAME ""
| #define PACKAGE_VERSION ""
| #define PACKAGE_STRING ""
| #define PACKAGE_BUGREPORT ""
| #define STDC_HEADERS 1
| #define HAVE_SYS_TYPES_H 1
| #define HAVE_SYS_STAT_H 1
| #define HAVE_STDLIB_H 1
| #define HAVE_STRING_H 1
| #define HAVE_MEMORY_H 1
| #define HAVE_STRINGS_H 1
| #define HAVE_INTTYPES_H 1
| #define HAVE_STDINT_H 1
| #define HAVE_UNISTD_H 1
| #define __EXTENSIONS__ 1
| #define _ALL_SOURCE 1
| #define _GNU_SOURCE 1
| #define _POSIX_PTHREAD_SEMANTICS 1
| #define _TANDEM_SOURCE 1
| #define STDC_HEADERS 1
| #define HAVE_STRING_H 1
| #define HAVE_LIMITS_H 1
| #define HAVE_UNISTD_H 1
| #define HAVE_SYS_SOCKET_H 1
| #define HAVE_PWD_H 1
| #define HAVE_GRP_H 1
| #define HAVE_STRINGS_H 1
| #define HAVE_SYS_PRCTL_H 1
| #define HAVE_SYS_SEM_H 1
| #define HAVE_SYS_WAIT_H 1
| #define HAVE_GETPWNAM 1
| #define HAVE_GETGRNAM 1
| #define HAVE_INITGROUPS 1
| #define HAVE_PRCTL 1
| #define HAVE_TIMEGM 1
| #define HAVE_GETPGID 1
| #define HAVE_GMTOFF 1
| #define AP_ENABLE_V4_MAPPED 1
| #define HAVE_SYS_TIME_H 1
| #define HAVE_SYS_RESOURCE_H 1
| #define HAVE_SYS_SEM_H 1
| #define HAVE_SYS_IPC_H 1
| #define HAVE_SETSID 1
| #define HAVE_KILLPG 1
| /* end confdefs.h.  */
| #include <bstring.h>
configure:17113: result: no
configure:17141: checking for bstring.h
configure:17150: result: no
configure:17024: checking for unistd.h
configure:17031: result: yes
configure:17172: checking for syslog
configure:17228: x86_64-pc-linux-gnu-gcc -o conftest   -pthread  -DLINUX -D_REENTRANT -D_GNU_SOURCE   -L/scratch/portage/tmp/portage/dev-libs/apr-util-1.5.3-r2/temp conftest.c -lm  >&5
configure:17235: $? = 0
configure:17257: result: yes
configure:17286: checking sys/times.h usability
configure:17303: x86_64-pc-linux-gnu-gcc -c   -pthread  -DLINUX -D_REENTRANT -D_GNU_SOURCE conftest.c >&5
configure:17310: $? = 0
configure:17324: result: yes
configure:17328: checking sys/times.h presence
configure:17343: x86_64-pc-linux-gnu-gcc -E  -DLINUX -D_REENTRANT -D_GNU_SOURCE conftest.c
configure:17350: $? = 0
configure:17364: result: yes
configure:17392: checking for sys/times.h
configure:17401: result: yes
configure:17420: checking for times
configure:17476: x86_64-pc-linux-gnu-gcc -o conftest   -pthread  -DLINUX -D_REENTRANT -D_GNU_SOURCE   -L/scratch/portage/tmp/portage/dev-libs/apr-util-1.5.3-r2/temp conftest.c -lm  >&5
configure:17483: $? = 0
configure:17505: result: yes
configure:17518: checking which MPM to use
configure:17534: result: prefork
configure:18398: checking whether to enable mod_http
configure:18436: result: yes
configure:18491: checking whether to enable mod_mime
configure:18529: result: yes (default)
configure:18598: checking for extra modules
configure:18658: result: none
configure:18683: checking whether to enable mod_dav
configure:18721: result: no
configure:18829: checking whether to enable mod_status
configure:18867: result: yes (default)
configure:18922: checking whether to enable mod_autoindex
configure:18960: result: yes (default)
configure:19015: checking whether to enable mod_asis
configure:19053: result: yes (default)
configure:19108: checking whether to enable mod_info
configure:19146: result: no
configure:19201: checking whether to enable mod_suexec
configure:19253: result: no
configure:19502: checking whether to enable mod_cgi
configure:19540: result: yes (default)
configure:19595: checking whether to enable mod_cgid
configure:19633: result: no
configure:20056: checking whether to enable mod_dav_fs
configure:20094: result: no
configure:20184: checking whether to enable mod_dav_lock
configure:20222: result: no
configure:20303: checking whether to enable mod_vhost_alias
configure:20341: result: no
configure:20396: checking whether to enable mod_negotiation
configure:20434: result: yes (default)
configure:20489: checking whether to enable mod_dir
configure:20527: result: yes (default)
configure:20582: checking whether to enable mod_imagemap
configure:20620: result: no
configure:20675: checking whether to enable mod_actions
configure:20713: result: yes (default)
configure:20768: checking whether to enable mod_speling
configure:20806: result: no
configure:20861: checking whether to enable mod_userdir
configure:20899: result: yes (default)
configure:20954: checking whether to enable mod_alias
configure:20992: result: yes (default)
configure:21048: checking whether to enable mod_rewrite
configure:21086: result: no
configure:21237: checking whether to enable mod_so
configure:21275: result: yes
configure:22263: creating ./config.status

## ---------------------- ##
## Running config.status. ##
## ---------------------- ##

This file was extended by config.status, which was
generated by GNU Autoconf 2.63.  Invocation command line was

  CONFIG_FILES    = 
  CONFIG_HEADERS  = 
  CONFIG_LINKS    = 
  CONFIG_COMMANDS = 
  $ ./config.status 

on data.cs.purdue.edu

config.status:1039: creating docs/conf/httpd.conf
config.status:1039: creating docs/conf/extra/httpd-autoindex.conf
config.status:1039: creating docs/conf/extra/httpd-dav.conf
config.status:1039: creating docs/conf/extra/httpd-default.conf
config.status:1039: creating docs/conf/extra/httpd-info.conf
config.status:1039: creating docs/conf/extra/httpd-languages.conf
config.status:1039: creating docs/conf/extra/httpd-manual.conf
config.status:1039: creating docs/conf/extra/httpd-mpm.conf
config.status:1039: creating docs/conf/extra/httpd-multilang-errordoc.conf
config.status:1039: creating docs/conf/extra/httpd-ssl.conf
config.status:1039: creating docs/conf/extra/httpd-userdir.conf
config.status:1039: creating docs/conf/extra/httpd-vhosts.conf
config.status:1039: creating include/ap_config_layout.h
config.status:1039: creating support/apxs
config.status:1039: creating support/apachectl
config.status:1039: creating support/dbmmanage
config.status:1039: creating support/envvars-std
config.status:1039: creating support/log_server_status
config.status:1039: creating support/logresolve.pl
config.status:1039: creating support/phf_abuse_log.cgi
config.status:1039: creating support/split-logfile
config.status:1039: creating build/rules.mk
config.status:1039: creating build/pkg/pkginfo
config.status:1039: creating build/config_vars.sh
config.status:1039: creating include/ap_config_auto.h
config.status:1268: executing default commands

## ---------------- ##
## Cache variables. ##
## ---------------- ##

ac_cv_build=x86_64-unknown-linux-gnu
ac_cv_c_compiler_gnu=yes
ac_cv_c_const=yes
ac_cv_define_APR_HAS_DSO=yes
ac_cv_define_APR_HAVE_IPV6=yes
ac_cv_env_CC_set=
ac_cv_env_CC_value=
ac_cv_env_CFLAGS_set=
ac_cv_env_CFLAGS_value=
ac_cv_env_CPPFLAGS_set=
ac_cv_env_CPPFLAGS_value=
ac_cv_env_CPP_set=
ac_cv_env_CPP_value=
ac_cv_env_LDFLAGS_set=
ac_cv_env_LDFLAGS_value=
ac_cv_env_LIBS_set=
ac_cv_env_LIBS_value=
ac_cv_env_build_alias_set=
ac_cv_env_build_alias_value=
ac_cv_env_host_alias_set=
ac_cv_env_host_alias_value=
ac_cv_env_target_alias_set=
ac_cv_env_target_alias_value=
ac_cv_func_bindprocessor=no
ac_cv_func_getgrnam=yes
ac_cv_func_getpgid=yes
ac_cv_func_getpwnam=yes
ac_cv_func_initgroups=yes
ac_cv_func_killpg=yes
ac_cv_func_prctl=yes
ac_cv_func_setsid=yes
ac_cv_func_syslog=yes
ac_cv_func_timegm=yes
ac_cv_func_times=yes
ac_cv_header_bstring_h=no
ac_cv_header_grp_h=yes
ac_cv_header_inttypes_h=yes
ac_cv_header_limits_h=yes
ac_cv_header_memory_h=yes
ac_cv_header_minix_config_h=no
ac_cv_header_pwd_h=yes
ac_cv_header_stdc=yes
ac_cv_header_stdint_h=yes
ac_cv_header_stdlib_h=yes
ac_cv_header_string_h=yes
ac_cv_header_strings_h=yes
ac_cv_header_sys_ipc_h=yes
ac_cv_header_sys_prctl_h=yes
ac_cv_header_sys_processor_h=no
ac_cv_header_sys_resource_h=yes
ac_cv_header_sys_sem_h=yes
ac_cv_header_sys_socket_h=yes
ac_cv_header_sys_stat_h=yes
ac_cv_header_sys_time_h=yes
ac_cv_header_sys_times_h=yes
ac_cv_header_sys_types_h=yes
ac_cv_header_sys_wait_h=yes
ac_cv_header_unistd_h=yes
ac_cv_host=x86_64-unknown-linux-gnu
ac_cv_mkdir_p=yes
ac_cv_objext=o
ac_cv_path_EGREP='/bin/grep -E'
ac_cv_path_GREP=/bin/grep
ac_cv_path_PKGCONFIG=/usr/bin/pkg-config
ac_cv_path_RM=/bin/rm
ac_cv_path_RSYNC=/usr/bin/rsync
ac_cv_prog_AWK=gawk
ac_cv_prog_CPP='x86_64-pc-linux-gnu-gcc -E'
ac_cv_prog_LYNX_PATH=elinks
ac_cv_prog_ac_ct_CC=x86_64-pc-linux-gnu-gcc
ac_cv_prog_ac_ct_RANLIB=ranlib
ac_cv_prog_cc_c89=
ac_cv_prog_cc_g=yes
ac_cv_safe_to_define___extensions__=yes
ac_cv_search_sqrt=-lm
ac_cv_search_strerror='none required'
ac_cv_struct_tm_gmtoff=yes
ac_cv_target=x86_64-unknown-linux-gnu
ac_cv_type_rlim_t=yes
ap_cv_aprver12=yes
ap_cv_apuver12=yes
ap_cv_void_ptr_lt_long=no
apache_cv_mpm=prefork

## ----------------- ##
## Output variables. ##
## ----------------- ##

APACHECTL_ULIMIT='ulimit -S -n `ulimit -H -n`'
APR_BINDIR='/usr/bin'
APR_CONFIG='/usr/bin/apr-1-config'
APR_INCLUDEDIR='/usr/include/apr-1'
APR_VERSION='1.5.0'
APU_BINDIR='/usr/bin'
APU_CONFIG='/usr/bin/apu-1-config'
APU_INCLUDEDIR='/usr/include/apr-1'
APU_VERSION='1.5.3'
AP_BUILD_SRCLIB_DIRS=' pcre'
AP_CLEAN_SRCLIB_DIRS=' pcre'
AP_LIBS='/homes/yhong/MyLink/httpd-2.2.17/srclib/pcre/libpcre.la  -laprutil-1  -ldb-4.8 -lgdbm  -lexpat  -lapr-1 -luuid -lrt -lcrypt  -lpthread -ldl'
AWK='gawk'
BUILTIN_LIBS=' modules/aaa/libmod_authn_file.la modules/aaa/libmod_authn_default.la modules/aaa/libmod_authz_host.la modules/aaa/libmod_authz_groupfile.la modules/aaa/libmod_authz_user.la modules/aaa/libmod_authz_default.la modules/aaa/libmod_auth_basic.la modules/filters/libmod_include.la modules/filters/libmod_filter.la modules/loggers/libmod_log_config.la modules/metadata/libmod_env.la modules/metadata/libmod_setenvif.la modules/metadata/libmod_version.la modules/http/libmod_http.la modules/http/libmod_mime.la modules/generators/libmod_status.la modules/generators/libmod_autoindex.la modules/generators/libmod_asis.la modules/generators/libmod_cgi.la modules/mappers/libmod_negotiation.la modules/mappers/libmod_dir.la modules/mappers/libmod_actions.la modules/mappers/libmod_userdir.la modules/mappers/libmod_alias.la modules/mappers/libmod_so.la'
CC='x86_64-pc-linux-gnu-gcc'
CFLAGS=''
CORE_IMPLIB=''
CORE_IMPLIB_FILE=''
CPP='x86_64-pc-linux-gnu-gcc -E'
CPPFLAGS=''
CXX=''
CXXFLAGS=''
DEFS='-DHAVE_CONFIG_H'
DSO_MODULES=''
ECHO_C=''
ECHO_N='-n'
ECHO_T=''
EGREP='/bin/grep -E'
EXEEXT=''
EXTRA_CFLAGS='  -pthread'
EXTRA_CPPFLAGS=' -DLINUX -D_REENTRANT -D_GNU_SOURCE'
EXTRA_CXXFLAGS=''
EXTRA_INCLUDES='-I$(top_builddir)/srclib/pcre -I. -I$(top_srcdir)/os/$(OS_DIR) -I$(top_srcdir)/server/mpm/$(MPM_SUBDIR_NAME) -I$(top_srcdir)/modules/http -I$(top_srcdir)/modules/filters -I$(top_srcdir)/modules/proxy -I$(top_srcdir)/include -I$(top_srcdir)/modules/generators -I$(top_srcdir)/modules/mappers -I$(top_srcdir)/modules/database -I/usr/include/apr-1 -I/usr/include/db4.8 -I$(top_srcdir)/modules/proxy/../generators -I$(top_srcdir)/modules/ssl -I$(top_srcdir)/modules/dav/main'
EXTRA_LDFLAGS='  -L/scratch/portage/tmp/portage/dev-libs/apr-util-1.5.3-r2/temp'
EXTRA_LIBS='-lm '
GREP='/bin/grep'
HTTPD_LDFLAGS='-export-dynamic'
HTTPD_VERSION='2.2.17'
INCLUDES=''
INSTALL='$(LIBTOOL) --mode=install $(abs_srcdir)/build/install.sh -c'
INSTALL_DSO='yes'
INSTALL_PROG_FLAGS=''
LDFLAGS=''
LIBOBJS=''
LIBS=''
LIBTOOL='/usr/share/build-1/libtool $(LTFLAGS)'
LN_S='ln -s'
LTCFLAGS='-prefer-non-pic -static'
LTFLAGS='--silent'
LTLIBOBJS=''
LT_LDFLAGS=''
LYNX_PATH='elinks'
MKDEP='$(CC) -MM'
MKINSTALLDIRS='$(abs_srcdir)/build/mkdir.sh'
MK_IMPLIB=''
MODULE_CLEANDIRS=' arch/win32 cache database debug echo experimental ldap proxy ssl test dav/main dav/fs dav/lock'
MODULE_DIRS=' aaa filters loggers metadata http generators mappers'
MOD_ACTIONS_LDADD=''
MOD_ALIAS_LDADD=''
MOD_ASIS_LDADD=''
MOD_AUTHNZ_LDAP_LDADD=''
MOD_AUTHN_ALIAS_LDADD=''
MOD_AUTHN_ANON_LDADD=''
MOD_AUTHN_DBD_LDADD=''
MOD_AUTHN_DBM_LDADD=''
MOD_AUTHN_DEFAULT_LDADD=''
MOD_AUTHN_FILE_LDADD=''
MOD_AUTHZ_DBM_LDADD=''
MOD_AUTHZ_DEFAULT_LDADD=''
MOD_AUTHZ_GROUPFILE_LDADD=''
MOD_AUTHZ_HOST_LDADD=''
MOD_AUTHZ_OWNER_LDADD=''
MOD_AUTHZ_USER_LDADD=''
MOD_AUTH_BASIC_LDADD=''
MOD_AUTH_DIGEST_LDADD=''
MOD_AUTOINDEX_LDADD=''
MOD_BUCKETEER_LDADD=''
MOD_CACHE_LDADD=''
MOD_CASE_FILTER_IN_LDADD=''
MOD_CASE_FILTER_LDADD=''
MOD_CERN_META_LDADD=''
MOD_CGID_LDADD=''
MOD_CGI_LDADD=''
MOD_CHARSET_LITE_LDADD=''
MOD_DAV_FS_LDADD=''
MOD_DAV_LDADD=''
MOD_DAV_LOCK_LDADD=''
MOD_DBD_LDADD=''
MOD_DEFLATE_LDADD=''
MOD_DIR_LDADD=''
MOD_DISK_CACHE_LDADD=''
MOD_DUMPIO_LDADD=''
MOD_ECHO_LDADD=''
MOD_ENV_LDADD=''
MOD_EXAMPLE_LDADD=''
MOD_EXPIRES_LDADD=''
MOD_EXT_FILTER_LDADD=''
MOD_FILE_CACHE_LDADD=''
MOD_FILTER_LDADD=''
MOD_HEADERS_LDADD=''
MOD_HTTP_LDADD=''
MOD_IDENT_LDADD=''
MOD_IMAGEMAP_LDADD=''
MOD_INCLUDE_LDADD=''
MOD_INFO_LDADD=''
MOD_ISAPI_LDADD=''
MOD_LDAP_LDADD=''
MOD_LOGIO_LDADD=''
MOD_LOG_CONFIG_LDADD=''
MOD_LOG_FORENSIC_LDADD=''
MOD_MEM_CACHE_LDADD=''
MOD_MIME_LDADD=''
MOD_MIME_MAGIC_LDADD=''
MOD_NEGOTIATION_LDADD=''
MOD_OPTIONAL_FN_EXPORT_LDADD=''
MOD_OPTIONAL_FN_IMPORT_LDADD=''
MOD_OPTIONAL_HOOK_EXPORT_LDADD=''
MOD_OPTIONAL_HOOK_IMPORT_LDADD=''
MOD_PROXY_AJP_LDADD=''
MOD_PROXY_BALANCER_LDADD=''
MOD_PROXY_CONNECT_LDADD=''
MOD_PROXY_FTP_LDADD=''
MOD_PROXY_HTTP_LDADD=''
MOD_PROXY_LDADD=''
MOD_PROXY_SCGI_LDADD=''
MOD_REQTIMEOUT_LDADD=''
MOD_REWRITE_LDADD=''
MOD_SETENVIF_LDADD=''
MOD_SO_LDADD=''
MOD_SPELING_LDADD=''
MOD_SSL_LDADD=''
MOD_STATUS_LDADD=''
MOD_SUBSTITUTE_LDADD=''
MOD_SUEXEC_LDADD=''
MOD_UNIQUE_ID_LDADD=''
MOD_USERDIR_LDADD=''
MOD_USERTRACK_LDADD=''
MOD_VERSION_LDADD=''
MOD_VHOST_ALIAS_LDADD=''
MPM_LIB='server/mpm/prefork/libprefork.la'
MPM_NAME='prefork'
MPM_SUBDIR_NAME='prefork'
NOTEST_CFLAGS=''
NOTEST_CPPFLAGS=''
NOTEST_CXXFLAGS=''
NOTEST_LDFLAGS=''
NOTEST_LIBS=''
OBJEXT='o'
OS='unix'
OS_DIR='unix'
OS_SPECIFIC_VARS=''
PACKAGE_BUGREPORT=''
PACKAGE_NAME=''
PACKAGE_STRING=''
PACKAGE_TARNAME=''
PACKAGE_VERSION=''
PATH_SEPARATOR=':'
PCRE_CONFIG='false'
PICFLAGS=''
PILDFLAGS=''
PKGCONFIG='/usr/bin/pkg-config'
PORT='80'
POST_SHARED_CMDS='echo ""'
PRE_SHARED_CMDS='echo ""'
RANLIB='ranlib'
RM='/bin/rm'
RSYNC='/usr/bin/rsync'
SHELL='/bin/sh'
SHLIBPATH_VAR='LD_LIBRARY_PATH'
SHLTCFLAGS='-prefer-pic'
SH_LDFLAGS=''
SH_LIBS=''
SH_LIBTOOL='$(LIBTOOL)'
SSLPORT='443'
SSL_LIBS=''
UTIL_LDFLAGS=''
ab_LTFLAGS=''
abs_srcdir='/homes/yhong/MyLink/httpd-2.2.17'
ac_ct_CC='x86_64-pc-linux-gnu-gcc'
ap_make_delimiter=' '
ap_make_include='include'
bindir='${exec_prefix}/bin'
build='x86_64-unknown-linux-gnu'
build_alias=''
build_cpu='x86_64'
build_os='linux-gnu'
build_vendor='unknown'
cgidir='${datadir}/cgi-bin'
checkgid_LTFLAGS=''
datadir='${prefix}'
datarootdir='${prefix}/share'
docdir='${datarootdir}/doc/${PACKAGE}'
dvidir='${docdir}'
errordir='${datadir}/error'
exec_prefix='${prefix}'
exp_bindir='/homes/yhong/MyLink/apache/bin'
exp_cgidir='/homes/yhong/MyLink/apache/cgi-bin'
exp_datadir='/homes/yhong/MyLink/apache'
exp_errordir='/homes/yhong/MyLink/apache/error'
exp_exec_prefix='/homes/yhong/MyLink/apache'
exp_htdocsdir='/homes/yhong/MyLink/apache/htdocs'
exp_iconsdir='/homes/yhong/MyLink/apache/icons'
exp_includedir='/homes/yhong/MyLink/apache/include'
exp_installbuilddir='/homes/yhong/MyLink/apache/build'
exp_libdir='/homes/yhong/MyLink/apache/lib'
exp_libexecdir='/homes/yhong/MyLink/apache/modules'
exp_localstatedir='/homes/yhong/MyLink/apache'
exp_logfiledir='/homes/yhong/MyLink/apache/logs'
exp_mandir='/homes/yhong/MyLink/apache/man'
exp_manualdir='/homes/yhong/MyLink/apache/manual'
exp_proxycachedir='/homes/yhong/MyLink/apache/proxy'
exp_runtimedir='/homes/yhong/MyLink/apache/logs'
exp_sbindir='/homes/yhong/MyLink/apache/bin'
exp_sysconfdir='/homes/yhong/MyLink/apache/conf'
host='x86_64-unknown-linux-gnu'
host_alias=''
host_cpu='x86_64'
host_os='linux-gnu'
host_vendor='unknown'
htcacheclean_LTFLAGS=''
htdbm_LTFLAGS=''
htdigest_LTFLAGS=''
htdocsdir='${datadir}/htdocs'
htmldir='${docdir}'
htpasswd_LTFLAGS=''
httxt2dbm_LTFLAGS=''
iconsdir='${datadir}/icons'
includedir='${prefix}/include'
infodir='${datarootdir}/info'
installbuilddir='${datadir}/build'
libdir='${exec_prefix}/lib'
libexecdir='${exec_prefix}/modules'
localedir='${datarootdir}/locale'
localstatedir='${prefix}'
logfiledir='${localstatedir}/logs'
logresolve_LTFLAGS=''
mandir='${prefix}/man'
manualdir='${datadir}/manual'
nonssl_listen_stmt_1=''
nonssl_listen_stmt_2=''
oldincludedir='/usr/include'
other_targets=''
pdfdir='${docdir}'
perlbin='/usr/bin/perl'
prefix='/homes/yhong/MyLink/apache'
progname='httpd'
program_transform_name='s,x,x,'
proxycachedir='${localstatedir}/proxy'
psdir='${docdir}'
rel_bindir='bin'
rel_cgidir='cgi-bin'
rel_datadir=''
rel_errordir='error'
rel_exec_prefix=''
rel_htdocsdir='htdocs'
rel_iconsdir='icons'
rel_includedir='include'
rel_installbuilddir='build'
rel_libdir='lib'
rel_libexecdir='modules'
rel_localstatedir=''
rel_logfiledir='logs'
rel_mandir='man'
rel_manualdir='manual'
rel_proxycachedir='proxy'
rel_runtimedir='logs'
rel_sbindir='bin'
rel_sysconfdir='conf'
rotatelogs_LTFLAGS=''
runtimedir='${localstatedir}/logs'
sbindir='${exec_prefix}/bin'
shared_build=''
sharedstatedir='${prefix}/com'
sysconfdir='${prefix}/conf'
target='x86_64-unknown-linux-gnu'
target_alias=''
target_cpu='x86_64'
target_os='linux-gnu'
target_vendor='unknown'

## ----------- ##
## confdefs.h. ##
## ----------- ##

#define PACKAGE_NAME ""
#define PACKAGE_TARNAME ""
#define PACKAGE_VERSION ""
#define PACKAGE_STRING ""
#define PACKAGE_BUGREPORT ""
#define STDC_HEADERS 1
#define HAVE_SYS_TYPES_H 1
#define HAVE_SYS_STAT_H 1
#define HAVE_STDLIB_H 1
#define HAVE_STRING_H 1
#define HAVE_MEMORY_H 1
#define HAVE_STRINGS_H 1
#define HAVE_INTTYPES_H 1
#define HAVE_STDINT_H 1
#define HAVE_UNISTD_H 1
#define __EXTENSIONS__ 1
#define _ALL_SOURCE 1
#define _GNU_SOURCE 1
#define _POSIX_PTHREAD_SEMANTICS 1
#define _TANDEM_SOURCE 1
#define STDC_HEADERS 1
#define HAVE_STRING_H 1
#define HAVE_LIMITS_H 1
#define HAVE_UNISTD_H 1
#define HAVE_SYS_SOCKET_H 1
#define HAVE_PWD_H 1
#define HAVE_GRP_H 1
#define HAVE_STRINGS_H 1
#define HAVE_SYS_PRCTL_H 1
#define HAVE_SYS_SEM_H 1
#define HAVE_SYS_WAIT_H 1
#define HAVE_GETPWNAM 1
#define HAVE_GETGRNAM 1
#define HAVE_INITGROUPS 1
#define HAVE_PRCTL 1
#define HAVE_TIMEGM 1
#define HAVE_GETPGID 1
#define HAVE_GMTOFF 1
#define AP_ENABLE_V4_MAPPED 1
#define HAVE_SYS_TIME_H 1
#define HAVE_SYS_RESOURCE_H 1
#define HAVE_SYS_SEM_H 1
#define HAVE_SYS_IPC_H 1
#define HAVE_SETSID 1
#define HAVE_KILLPG 1
#define HAVE_UNISTD_H 1
#define HAVE_SYSLOG 1
#define HAVE_SYS_TIMES_H 1
#define HAVE_TIMES 1
#define AP_USING_AUTOCONF 1
#define AP_NONBLOCK_WHEN_MULTI_LISTEN 1
#define HTTPD_ROOT "/homes/yhong/MyLink/apache"
#define SERVER_CONFIG_FILE "conf/httpd.conf"
#define AP_TYPES_CONFIG_FILE "conf/mime.types"
#define APACHE_MPM_DIR "server/mpm/prefork"

configure: exit 0
