This file contains any messages produced by compilers while
running configure, to aid debugging if configure makes a mistake.

It was created by configure, which was
generated by GNU Autoconf 2.63.  Invocation command line was

  $ /homes/yhong/MyLink/httpd-2.2.17/srclib/pcre/configure --disable-option-checking --prefix=/homes/yhong/MyLink/apache --cache-file=/dev/null --srcdir=/homes/yhong/MyLink/httpd-2.2.17/srclib/pcre --prefix=/homes/yhong/MyLink/apache --exec-prefix=/homes/yhong/MyLink/apache --libdir=${prefix}/lib --includedir=/homes/yhong/MyLink/apache/include --bindir=${prefix}/bin

## --------- ##
## Platform. ##
## --------- ##

hostname = data.cs.purdue.edu
uname -m = x86_64
uname -r = 3.17.7
uname -s = Linux
uname -v = #1 SMP Sun Jan 4 09:42:20 EST 2015

/usr/bin/uname -p = Intel(R) Xeon(R) CPU E5-2650 0 @ 2.00GHz
/bin/uname -X     = unknown

/bin/arch              = unknown
/usr/bin/arch -k       = unknown
/usr/convex/getsysinfo = unknown
/usr/bin/hostinfo      = unknown
/bin/machine           = unknown
/usr/bin/oslevel       = unknown
/bin/universe          = unknown

PATH: /p/oracle10g/bin
PATH: /homes/yhong/bin/.amd64-linux
PATH: /homes/yhong/bin
PATH: /usr/local/bin
PATH: /bin
PATH: /usr/bin
PATH: /sbin
PATH: /usr/sbin
PATH: /usr/x86_64-pc-linux-gnu/gcc-bin/4.8.3
PATH: /usr/games/bin
PATH: .


## ----------- ##
## Core tests. ##
## ----------- ##

configure:1884: checking for gcc
configure:1911: result: x86_64-pc-linux-gnu-gcc
configure:2143: checking for C compiler version
configure:2151: x86_64-pc-linux-gnu-gcc --version >&5
x86_64-pc-linux-gnu-gcc (Gentoo 4.8.3 p1.1, pie-0.5.9) 4.8.3
Copyright (C) 2013 Free Software Foundation, Inc.
This is free software; see the source for copying conditions.  There is NO
warranty; not even for MERCHANTABILITY or FITNESS FOR A PARTICULAR PURPOSE.

configure:2155: $? = 0
configure:2162: x86_64-pc-linux-gnu-gcc -v >&5
Using built-in specs.
COLLECT_GCC=/usr/x86_64-pc-linux-gnu/gcc-bin/4.8.3/x86_64-pc-linux-gnu-gcc
COLLECT_LTO_WRAPPER=/usr/libexec/gcc/x86_64-pc-linux-gnu/4.8.3/lto-wrapper
Target: x86_64-pc-linux-gnu
Configured with: /scratch/portage/tmp/portage/sys-devel/gcc-4.8.3/work/gcc-4.8.3/configure --host=x86_64-pc-linux-gnu --build=x86_64-pc-linux-gnu --prefix=/usr --bindir=/usr/x86_64-pc-linux-gnu/gcc-bin/4.8.3 --includedir=/usr/lib/gcc/x86_64-pc-linux-gnu/4.8.3/include --datadir=/usr/share/gcc-data/x86_64-pc-linux-gnu/4.8.3 --mandir=/usr/share/gcc-data/x86_64-pc-linux-gnu/4.8.3/man --infodir=/usr/share/gcc-data/x86_64-pc-linux-gnu/4.8.3/info --with-gxx-include-dir=/usr/lib/gcc/x86_64-pc-linux-gnu/4.8.3/include/g++-v4 --with-python-dir=/share/gcc-data/x86_64-pc-linux-gnu/4.8.3/python --enable-objc-gc --enable-languages=c,c++,java,objc,obj-c++,fortran --enable-obsolete --enable-secureplt --disable-werror --with-system-zlib --disable-nls --enable-checking=release --with-bugurl=https://bugs.gentoo.org/ --with-pkgversion='Gentoo 4.8.3 p1.1, pie-0.5.9' --enable-libstdcxx-time --enable-shared --enable-threads=posix --enable-__cxa_atexit --enable-clocale=gnu --enable-multilib --with-multilib-list=m32,m64 --disable-altivec --disable-fixed-point --enable-targets=all --enable-libgomp --enable-libmudflap --disable-libssp --enable-lto --without-cloog --disable-libsanitizer
Thread model: posix
gcc version 4.8.3 (Gentoo 4.8.3 p1.1, pie-0.5.9) 
configure:2166: $? = 0
configure:2173: x86_64-pc-linux-gnu-gcc -V >&5
x86_64-pc-linux-gnu-gcc: error: unrecognized command line option '-V'
x86_64-pc-linux-gnu-gcc: fatal error: no input files
compilation terminated.
configure:2177: $? = 1
configure:2200: checking for C compiler default output file name
configure:2222: x86_64-pc-linux-gnu-gcc    conftest.c  >&5
configure:2226: $? = 0
configure:2264: result: a.out
configure:2283: checking whether the C compiler works
configure:2293: ./a.out
configure:2297: $? = 0
configure:2316: result: yes
configure:2323: checking whether we are cross compiling
configure:2325: result: no
configure:2328: checking for suffix of executables
configure:2335: x86_64-pc-linux-gnu-gcc -o conftest    conftest.c  >&5
configure:2339: $? = 0
configure:2365: result: 
configure:2371: checking for suffix of object files
configure:2397: x86_64-pc-linux-gnu-gcc -c   conftest.c >&5
configure:2401: $? = 0
configure:2426: result: o
configure:2430: checking whether we are using the GNU C compiler
configure:2459: x86_64-pc-linux-gnu-gcc -c   conftest.c >&5
configure:2466: $? = 0
configure:2483: result: yes
configure:2492: checking whether x86_64-pc-linux-gnu-gcc accepts -g
configure:2522: x86_64-pc-linux-gnu-gcc -c -g  conftest.c >&5
configure:2529: $? = 0
configure:2630: result: yes
configure:2647: checking for x86_64-pc-linux-gnu-gcc option to accept ISO C89
configure:2721: x86_64-pc-linux-gnu-gcc  -c -g -O2  conftest.c >&5
configure:2728: $? = 0
configure:2751: result: none needed
configure:2777: checking how to run the C preprocessor
configure:2895: result: x86_64-pc-linux-gnu-gcc -E
configure:2924: x86_64-pc-linux-gnu-gcc -E  conftest.c
configure:2931: $? = 0
configure:2962: x86_64-pc-linux-gnu-gcc -E  conftest.c
conftest.c:8:28: fatal error: ac_nonexistent.h: No such file or directory
 #include <ac_nonexistent.h>
                            ^
compilation terminated.
configure:2969: $? = 1
configure: failed program was:
| /* confdefs.h.  */
| #define PACKAGE_NAME ""
| #define PACKAGE_TARNAME ""
| #define PACKAGE_VERSION ""
| #define PACKAGE_STRING ""
| #define PACKAGE_BUGREPORT ""
| /* end confdefs.h.  */
| #include <ac_nonexistent.h>
configure:3009: checking for grep that handles long lines and -e
configure:3069: result: /bin/grep
configure:3074: checking for egrep
configure:3138: result: /bin/grep -E
configure:3143: checking for ANSI C header files
configure:3173: x86_64-pc-linux-gnu-gcc -c -g -O2  conftest.c >&5
configure:3180: $? = 0
configure:3279: x86_64-pc-linux-gnu-gcc -o conftest -g -O2   conftest.c  >&5
configure:3283: $? = 0
configure:3289: ./conftest
configure:3293: $? = 0
configure:3311: result: yes
configure:3335: checking for sys/types.h
configure:3356: x86_64-pc-linux-gnu-gcc -c -g -O2  conftest.c >&5
configure:3363: $? = 0
configure:3380: result: yes
configure:3335: checking for sys/stat.h
configure:3356: x86_64-pc-linux-gnu-gcc -c -g -O2  conftest.c >&5
configure:3363: $? = 0
configure:3380: result: yes
configure:3335: checking for stdlib.h
configure:3356: x86_64-pc-linux-gnu-gcc -c -g -O2  conftest.c >&5
configure:3363: $? = 0
configure:3380: result: yes
configure:3335: checking for string.h
configure:3356: x86_64-pc-linux-gnu-gcc -c -g -O2  conftest.c >&5
configure:3363: $? = 0
configure:3380: result: yes
configure:3335: checking for memory.h
configure:3356: x86_64-pc-linux-gnu-gcc -c -g -O2  conftest.c >&5
configure:3363: $? = 0
configure:3380: result: yes
configure:3335: checking for strings.h
configure:3356: x86_64-pc-linux-gnu-gcc -c -g -O2  conftest.c >&5
configure:3363: $? = 0
configure:3380: result: yes
configure:3335: checking for inttypes.h
configure:3356: x86_64-pc-linux-gnu-gcc -c -g -O2  conftest.c >&5
configure:3363: $? = 0
configure:3380: result: yes
configure:3335: checking for stdint.h
configure:3356: x86_64-pc-linux-gnu-gcc -c -g -O2  conftest.c >&5
configure:3363: $? = 0
configure:3380: result: yes
configure:3335: checking for unistd.h
configure:3356: x86_64-pc-linux-gnu-gcc -c -g -O2  conftest.c >&5
configure:3363: $? = 0
configure:3380: result: yes
configure:3410: checking limits.h usability
configure:3427: x86_64-pc-linux-gnu-gcc -c -g -O2  conftest.c >&5
configure:3434: $? = 0
configure:3448: result: yes
configure:3452: checking limits.h presence
configure:3467: x86_64-pc-linux-gnu-gcc -E  conftest.c
configure:3474: $? = 0
configure:3488: result: yes
configure:3516: checking for limits.h
configure:3525: result: yes
configure:3542: checking for an ANSI C-conforming const
configure:3617: x86_64-pc-linux-gnu-gcc -c -g -O2  conftest.c >&5
configure:3624: $? = 0
configure:3639: result: yes
configure:3649: checking for size_t
configure:3677: x86_64-pc-linux-gnu-gcc -c -g -O2  conftest.c >&5
configure:3684: $? = 0
configure:3711: x86_64-pc-linux-gnu-gcc -c -g -O2  conftest.c >&5
conftest.c: In function 'main':
conftest.c:55:21: error: expected expression before ')' token
 if (sizeof ((size_t)))
                     ^
configure:3718: $? = 1
configure: failed program was:
| /* confdefs.h.  */
| #define PACKAGE_NAME ""
| #define PACKAGE_TARNAME ""
| #define PACKAGE_VERSION ""
| #define PACKAGE_STRING ""
| #define PACKAGE_BUGREPORT ""
| #define STDC_HEADERS 1
| #define HAVE_SYS_TYPES_H 1
| #define HAVE_SYS_STAT_H 1
| #define HAVE_STDLIB_H 1
| #define HAVE_STRING_H 1
| #define HAVE_MEMORY_H 1
| #define HAVE_STRINGS_H 1
| #define HAVE_INTTYPES_H 1
| #define HAVE_STDINT_H 1
| #define HAVE_UNISTD_H 1
| #define HAVE_LIMITS_H 1
| /* end confdefs.h.  */
| #include <stdio.h>
| #ifdef HAVE_SYS_TYPES_H
| # include <sys/types.h>
| #endif
| #ifdef HAVE_SYS_STAT_H
| # include <sys/stat.h>
| #endif
| #ifdef STDC_HEADERS
| # include <stdlib.h>
| # include <stddef.h>
| #else
| # ifdef HAVE_STDLIB_H
| #  include <stdlib.h>
| # endif
| #endif
| #ifdef HAVE_STRING_H
| # if !defined STDC_HEADERS && defined HAVE_MEMORY_H
| #  include <memory.h>
| # endif
| # include <string.h>
| #endif
| #ifdef HAVE_STRINGS_H
| # include <strings.h>
| #endif
| #ifdef HAVE_INTTYPES_H
| # include <inttypes.h>
| #endif
| #ifdef HAVE_STDINT_H
| # include <stdint.h>
| #endif
| #ifdef HAVE_UNISTD_H
| # include <unistd.h>
| #endif
| int
| main ()
| {
| if (sizeof ((size_t)))
| 	  return 0;
|   ;
|   return 0;
| }
configure:3741: result: yes
configure:3761: checking for bcopy
configure:3817: x86_64-pc-linux-gnu-gcc -o conftest -g -O2   conftest.c  >&5
conftest.c:42:6: warning: conflicting types for built-in function 'bcopy' [enabled by default]
 char bcopy ();
      ^
configure:3824: $? = 0
configure:3846: result: yes
configure:3761: checking for memmove
configure:3817: x86_64-pc-linux-gnu-gcc -o conftest -g -O2   conftest.c  >&5
conftest.c:43:6: warning: conflicting types for built-in function 'memmove' [enabled by default]
 char memmove ();
      ^
configure:3824: $? = 0
configure:3846: result: yes
configure:3761: checking for strerror
configure:3817: x86_64-pc-linux-gnu-gcc -o conftest -g -O2   conftest.c  >&5
configure:3824: $? = 0
configure:3846: result: yes
configure:4104: creating ./config.status

## ---------------------- ##
## Running config.status. ##
## ---------------------- ##

This file was extended by config.status, which was
generated by GNU Autoconf 2.63.  Invocation command line was

  CONFIG_FILES    = 
  CONFIG_HEADERS  = 
  CONFIG_LINKS    = 
  CONFIG_COMMANDS = 
  $ ./config.status 

on data.cs.purdue.edu

config.status:755: creating Makefile
config.status:755: creating pcre.h
config.status:755: creating pcre-config
config.status:755: creating config.h
config.status:984: executing default commands

## ---------------- ##
## Cache variables. ##
## ---------------- ##

ac_cv_c_compiler_gnu=yes
ac_cv_c_const=yes
ac_cv_env_CC_set=set
ac_cv_env_CC_value=x86_64-pc-linux-gnu-gcc
ac_cv_env_CFLAGS_set=
ac_cv_env_CFLAGS_value=
ac_cv_env_CPPFLAGS_set=
ac_cv_env_CPPFLAGS_value=
ac_cv_env_CPP_set=set
ac_cv_env_CPP_value='x86_64-pc-linux-gnu-gcc -E'
ac_cv_env_LDFLAGS_set=
ac_cv_env_LDFLAGS_value=
ac_cv_env_LIBS_set=
ac_cv_env_LIBS_value=
ac_cv_env_build_alias_set=
ac_cv_env_build_alias_value=
ac_cv_env_host_alias_set=
ac_cv_env_host_alias_value=
ac_cv_env_target_alias_set=
ac_cv_env_target_alias_value=
ac_cv_func_bcopy=yes
ac_cv_func_memmove=yes
ac_cv_func_strerror=yes
ac_cv_header_inttypes_h=yes
ac_cv_header_limits_h=yes
ac_cv_header_memory_h=yes
ac_cv_header_stdc=yes
ac_cv_header_stdint_h=yes
ac_cv_header_stdlib_h=yes
ac_cv_header_string_h=yes
ac_cv_header_strings_h=yes
ac_cv_header_sys_stat_h=yes
ac_cv_header_sys_types_h=yes
ac_cv_header_unistd_h=yes
ac_cv_objext=o
ac_cv_path_EGREP='/bin/grep -E'
ac_cv_path_GREP=/bin/grep
ac_cv_prog_CPP='x86_64-pc-linux-gnu-gcc -E'
ac_cv_prog_ac_ct_CC=x86_64-pc-linux-gnu-gcc
ac_cv_prog_cc_c89=
ac_cv_prog_cc_g=yes
ac_cv_type_size_t=yes

## ----------------- ##
## Output variables. ##
## ----------------- ##

BUILD_EXEEXT=''
BUILD_OBJEXT=''
CC='x86_64-pc-linux-gnu-gcc'
CC_FOR_BUILD=''
CFLAGS='-g -O2'
CFLAGS_FOR_BUILD=''
CPP='x86_64-pc-linux-gnu-gcc -E'
CPPFLAGS=''
DEFS='-DHAVE_CONFIG_H'
EBCDIC=''
ECHO_C=''
ECHO_N='-n'
ECHO_T=''
EGREP='/bin/grep -E'
EXEEXT=''
GREP='/bin/grep'
HAVE_MEMMOVE=''
HAVE_STRERROR=''
LDFLAGS=''
LIBOBJS=''
LIBS=''
LIBSUFFIX='la'
LIBTOOL='./libtool'
LINK_SIZE=''
LTLIBOBJS=''
MATCH_LIMIT=''
NEWLINE=''
NO_RECURSE=''
OBJEXT='o'
PACKAGE_BUGREPORT=''
PACKAGE_NAME=''
PACKAGE_STRING=''
PACKAGE_TARNAME=''
PACKAGE_VERSION=''
PATH_SEPARATOR=':'
PCRE_DATE='13-Sep-2004'
PCRE_LIB_VERSION='0:1:0'
PCRE_MAJOR='5'
PCRE_MINOR='0'
PCRE_POSIXLIB_VERSION='0:0:0'
PCRE_VERSION='5.0'
POSIX_MALLOC_THRESHOLD='-DPOSIX_MALLOC_THRESHOLD=10'
SHELL='/bin/sh'
UCP=''
UTF8=''
ac_ct_CC='x86_64-pc-linux-gnu-gcc'
bindir='${prefix}/bin'
build_alias=''
datadir='${datarootdir}'
datarootdir='${prefix}/share'
docdir='${datarootdir}/doc/${PACKAGE}'
dvidir='${docdir}'
exec_prefix='/homes/yhong/MyLink/apache'
host_alias=''
htmldir='${docdir}'
includedir='/homes/yhong/MyLink/apache/include'
infodir='${datarootdir}/info'
libdir='${prefix}/lib'
libexecdir='${exec_prefix}/libexec'
localedir='${datarootdir}/locale'
localstatedir='${prefix}/var'
mandir='${datarootdir}/man'
oldincludedir='/usr/include'
pdfdir='${docdir}'
prefix='/homes/yhong/MyLink/apache'
program_transform_name='s,x,x,'
psdir='${docdir}'
sbindir='${exec_prefix}/sbin'
sharedstatedir='${prefix}/com'
sysconfdir='${prefix}/etc'
target_alias=''

## ----------- ##
## confdefs.h. ##
## ----------- ##

#define PACKAGE_NAME ""
#define PACKAGE_TARNAME ""
#define PACKAGE_VERSION ""
#define PACKAGE_STRING ""
#define PACKAGE_BUGREPORT ""
#define STDC_HEADERS 1
#define HAVE_SYS_TYPES_H 1
#define HAVE_SYS_STAT_H 1
#define HAVE_STDLIB_H 1
#define HAVE_STRING_H 1
#define HAVE_MEMORY_H 1
#define HAVE_STRINGS_H 1
#define HAVE_INTTYPES_H 1
#define HAVE_STDINT_H 1
#define HAVE_UNISTD_H 1
#define HAVE_LIMITS_H 1
#define HAVE_BCOPY 1
#define HAVE_MEMMOVE 1
#define HAVE_STRERROR 1

configure: exit 0
